<?xml version="1.0" encoding="UTF-8"?>
<!-- Generated by org.testng.reporters.JUnitXMLReporter -->
<testsuite ignored="0" hostname="L-INE-86MWM93" failures="3" tests="5" name="Test" time="27.855" errors="0" timestamp="2023-11-09T17:23:09 IST">
  <testcase classname="com.TechAssessment02.LoginTest" name="loginTest" time="0.991"/>
  <testcase classname="com.TechAssessment02.LoginTest" name="testLogin" time="0.068">
    <failure type="org.testng.internal.reflect.MethodMatcherException" message="
[public void com.TechAssessment02.LoginTest.testLogin(java.lang.String,java.lang.String,boolean)] has no parameters defined but was found to be using a data provider (either explicitly specified or inherited from class level annotation).
Data provider mismatch
Method: testLogin([java.lang.String arg0, java.lang.String arg1, boolean arg2])
Arguments: [(java.lang.String) Vinothbcr74@gmail.com,(java.lang.String) Vinothkumar@74]">
      <![CDATA[org.testng.internal.reflect.MethodMatcherException: 
[public void com.TechAssessment02.LoginTest.testLogin(java.lang.String,java.lang.String,boolean)] has no parameters defined but was found to be using a data provider (either explicitly specified or inherited from class level annotation).
Data provider mismatch
Method: testLogin([java.lang.String arg0, java.lang.String arg1, boolean arg2])
Arguments: [(java.lang.String) Vinothbcr74@gmail.com,(java.lang.String) Vinothkumar@74]
at java.base/java.util.ArrayList.forEach(ArrayList.java:1511)
... Removed 22 stack frames]]>
    </failure>
  </testcase> <!-- testLogin -->
  <testcase classname="com.TechAssessment02.LoginTest" name="loginTest" time="1.592"/>
  <testcase classname="com.TechAssessment02.LoginTest" name="testLogin" time="0.078">
    <failure type="org.testng.internal.reflect.MethodMatcherException" message="
[public void com.TechAssessment02.LoginTest.testLogin(java.lang.String,java.lang.String,boolean)] has no parameters defined but was found to be using a data provider (either explicitly specified or inherited from class level annotation).
Data provider mismatch
Method: testLogin([java.lang.String arg0, java.lang.String arg1, boolean arg2])
Arguments: [(java.lang.String) Vinothbcr74@gmail.com,(java.lang.String) Vinothkumar@74]">
      <![CDATA[org.testng.internal.reflect.MethodMatcherException: 
[public void com.TechAssessment02.LoginTest.testLogin(java.lang.String,java.lang.String,boolean)] has no parameters defined but was found to be using a data provider (either explicitly specified or inherited from class level annotation).
Data provider mismatch
Method: testLogin([java.lang.String arg0, java.lang.String arg1, boolean arg2])
Arguments: [(java.lang.String) Vinothbcr74@gmail.com,(java.lang.String) Vinothkumar@74]
at java.base/java.util.ArrayList.forEach(ArrayList.java:1511)
... Removed 22 stack frames]]>
    </failure>
  </testcase> <!-- testLogin -->
  <testcase classname="com.TechAssessment02.RegisterTest" name="registerTest" time="0.004">
    <failure type="java.lang.NullPointerException" message="Cannot invoke &amp;quot;org.openqa.selenium.WebDriver.findElement(org.openqa.selenium.By)&amp;quot; because &amp;quot;this.driver&amp;quot; is null">
      <![CDATA[java.lang.NullPointerException: Cannot invoke "org.openqa.selenium.WebDriver.findElement(org.openqa.selenium.By)" because "this.driver" is null
at com.TechAssessment02.RegisterPage.selectGenderMale(RegisterPage.java:19)
at com.TechAssessment02.RegisterPage.register(RegisterPage.java:43)
at com.TechAssessment02.RegisterTest.registerTest(RegisterTest.java:25)
at java.base/java.util.ArrayList.forEach(ArrayList.java:1511)
... Removed 27 stack frames]]>
    </failure>
  </testcase> <!-- registerTest -->
</testsuite> <!-- Test -->
